-11
-5
9
9
-8
-108
31
-64
14
25
-32
-1
-11
28
-121
-6
12
1
-22
-37
2
3
-5
-12
-132
41
-4
-42
-62
11
0
3
-648
-8
-24
-16
3
-328
22
1
3
12
23
-11
-21
239
23
5
-49
7
70
28
252
-19
-19
430
1890
-5
-5
5
13
9
-36
17
14
8
-15
44
72
23
-15
-3
0
-1
-54
3
9
-21
1
-4
-42
-1
3
-3
0
4
-1
40
0
-5
-8
-29
-1
-27
-26
38
0
58
2
-26
20
8
21
-6
6
-15
-16
-19
1
-143
39
-84
26
6
33
-11
-34
-7
-2
-62
-3
-153
67
-44
10
-37
-6
3
48
2
10
-5
-18
-9
0
-3
22
17
-29
-9
19
7
-67
-1
68
-9
-7
-8
-4
-13
-3
-10
10
4
-9
1
-16
-34
-11
87
17
-7
7
6
4
14
36
66
1
-17
0
1
-6
-12
-17
-31
3
-2
-27
-4
41
-26
66
7
23
-5
-1
-19
10
20
-7
-34
-34
-14
4
-259
5
41
10
19
15
-5
24
-12
6
108
11
22
8
-47
-15
20
170
21
38
-13
21
-7
-1
-27
-42
8
11
-2
1
2
1
-260
12
-3
-33
-3
24
-5
5
31
-720
-18
4
8
72
-3
17
3
28
2
10
-24
282
-29
15
-3
44
-1
-7
18
3
4
-18
19
-47
31
3
-864
-36
-7
-1
-47
-46
1
4
16
53
10
-32
-14
11
-27
3
-12
1
-12
17
-3
-14
-11
-30
-6
26
-270
-8
-10
-3
-28
0
-3
13
-43
26
32
46
12
-59
5
11
-40
-59
-8
0
-16
-10
39
57
-102
-72
9
-1
-11
64
15
-16
-51
-6
9
-12
-2
0
42
8
75
-128
-9
-10
-46
-6
5
8
10
6
-5
-33
-8
1
0
25
-25
-5
-23
118
45
30
3
72
-1
5
-8
1
45
-21
10
39
10
21
9
-16
7
30
-58
-17
-52
-3
-1
-49
9
1
34
-21
16
98
29
-32
-36
224
8
8
2
-59
-17
-2
4
-10
-61
4
4
23
44
19
48
1
51
-8
215
18
16
-8
0
32
-381
3528
0
-17
8
-9
-2
7
-19
22
-88
4
16
-12
6
43
-1
-48
52
-26
41
-40
11
38
-7
6
6
22
197
41
-4
91
-52
10
-36
-14
-9
-16
-28
0
55
-2
7
0
-28
-20
-68
-4
15
33
-9
-8
25
2
-45
-35
40
-1
23
8
3
13
7
0
10
-119
72
-7
-13
-7
2
-22
-53
5
3
-23
-62
8
14
19
-38
17
19
-5
14
7
-16
-1
-8
3
2
14
-4
-9
-17
65
126
-43
9
-11
1
0
-28
15
3
7
18
32
-4
-39
-7
8
11
128
12
-3
-67
-11
18
7
-4
2160
1
33
-62
0
48
16
-42
-2
-77
87
21
-29
497
117
42
-21
7
-1
-61
178
0
-5
-6
-1
16
-5
16
3
19
15
12
-3
17
-18
113
-56
-6
30
21
-1
14
-10
0
-1
8
-47
94
8
10
6
7
-6
-195
-127
89
3
-24
8
-9
2
-211
-322
-1
-60
71
-1
-28
672
-31
32
-79
3
0
-10
-2
27
-3
4
-11
-32
653
0
21
-19
-16
-32
-23
-14
4
243
-6
-384
-3
12
7
-68
22
39
-33
-17
-127
5
4
-4
-2
59
3
-68
-129
8
8
6
-31
-12
0
50
13
-6
-3
152
-4
-6
-12
0
-34
-8
-29
11
-40
-22
98
79
3
-162
3
-18
-2
-207
-9
-25
21
180
2
-8
-20
-3
487
491
3
-12
-5
79
-23
39
15
5
-10
22
21
-15
-1
-134
-9
-504
88
-71
34
13
-3
16
-13
-4
-62
29
7
7
4
27
-8
0
-5
7
-24
-3
-4
-8
-11
-2
3
-11
-9
-4
0
19
-1
40
18
1
58
5
3
12
48
-4
5
-34
28
183
-52
115
7
16
28
-29
8
0
22
-64
-35
-5
319
-15
4
16
-29
4
-9
59
12
-5
-21
20
-16
7
17
37
23
-22
-72
-16
-7
-10
-9
9
193
-42
4
-15
58
-18
400
-11
-7
7
9
18
-18
-62
-59
-14
-7
-5
187
1
-6
-10
14
0
-15
-50
2
27
-64
2
-12
-4
-2
-3
-39
-2
55
1
5
-11
14
-39
105
6
-40
-7
36
-15
-216
8
186
22
23
-9
6
-5
1
8
48
-6
175
-24
-37
5
-20
30
-8
32
16
2
10
-36
18
648
9
36
36
-6
1
65
3
7
-13
-5
5
-64
185
14
14
-10
-11
-85
-45
56
12
50
-506
1
-8
-1
33
10
-26
0
12
8
2
-26
-32
51
-2
9
37
24
-43
3
7
-32
6
3
-61
87
3
-10
20
-8
-30
-2
4
-13
-20
-6
-3
36
20
-197
0
-10
-8
-26
-56
-1890
-14
-23
-71
4
-19
-9
-27
57
5
30
0
11
192
-1
1
2
-68
-5
5
52
4
1
14
-1
19
52
48
7
-30
-1
-57
-5
6
0
70
-10
-7
-3
11
1
0
-8
106
-11
-192
0
-2
-13
-16
16
-17
-4
-12
-6
-648
-32
-6
-6
-3
-18
-7
9
10
-50
-3
-22
25
8
-38
12
14
4
38
2
-1
28
-4
-7
8
11
215
72
-504
-29
14
