3
-4
-2
0
-134
-9
8
-12
1
12
71
-1
-12
0
56
-1
-8
-34
-20
-13
617
-57
9
42
3
4
-13
-100
9
-63
19
6
7
-32
738
14832
47
-22
16
-18
631
-42
26
-1
-8
-133
31
23
11
8
-5
-364
-192
54
9
6
-63408
48
8
-73
-786
2870
250822643
15706
948
-109943
14
42
135795
-14732407
7801
1518109169308
1776876762
7
9140876533260
-5580330
817704
6677993533634
-3878837
5647380111982
19811629798
307603845216724
-136997918430
-7
-385164547547146
-24181593
-13
-611267131251757
-1591870815229424236501035344018406656
718491025926477259779
2967650781666098
23244864534368213856840063766526731796639978015513
5460449264802781480701919880461441
-107
-388618371666953154308529373657081972
8187188365878081179288690678602858088127618377790
4698601435862435971542489231653974234854284832
-74614816202985174892704175936970870
-4716561917245206734165738418244379595263780385195
1257588007215202632994243664463756194640687096296981660433471201650229977919162
